2024-12-28T14:41:25.014+01:00  INFO 11064 --- [soa] [restartedMain] n.j.springboot.soa.SoaApplication        : Starting SoaApplication using Java 17.0.13 with PID 11064 (C:\Users\azizb\Desktop\soa\target\classes started by azizb in C:\Users\azizb\Desktop\soa)
2024-12-28T14:41:25.014+01:00 DEBUG 11064 --- [soa] [restartedMain] n.j.springboot.soa.SoaApplication        : Running with Spring Boot v3.2.1, Spring v6.1.2
2024-12-28T14:41:25.014+01:00  INFO 11064 --- [soa] [restartedMain] n.j.springboot.soa.SoaApplication        : No active profile set, falling back to 1 default profile: "default"
2024-12-28T14:41:25.149+01:00  INFO 11064 --- [soa] [restartedMain] .s.d.r.c.RepositoryConfigurationDelegate : Bootstrapping Spring Data MongoDB repositories in DEFAULT mode.
2024-12-28T14:41:25.156+01:00  INFO 11064 --- [soa] [restartedMain] .s.d.r.c.RepositoryConfigurationDelegate : Finished Spring Data repository scanning in 5 ms. Found 1 MongoDB repository interface.
2024-12-28T14:41:25.217+01:00  INFO 11064 --- [soa] [restartedMain] o.s.b.w.embedded.tomcat.TomcatWebServer  : Tomcat initialized with port 8081 (http)
2024-12-28T14:41:25.219+01:00  INFO 11064 --- [soa] [restartedMain] o.apache.catalina.core.StandardService   : Starting service [Tomcat]
2024-12-28T14:41:25.219+01:00  INFO 11064 --- [soa] [restartedMain] o.apache.catalina.core.StandardEngine    : Starting Servlet engine: [Apache Tomcat/10.1.17]
2024-12-28T14:41:25.236+01:00  INFO 11064 --- [soa] [restartedMain] o.a.c.c.C.[Tomcat-12].[localhost].[/]    : Initializing Spring embedded WebApplicationContext
2024-12-28T14:41:25.237+01:00  INFO 11064 --- [soa] [restartedMain] w.s.c.ServletWebServerApplicationContext : Root WebApplicationContext: initialization completed in 221 ms
2024-12-28T14:41:26.487+01:00  INFO 11064 --- [soa] [restartedMain] org.mongodb.driver.client                : MongoClient with metadata {"application": {"name": "chatbot"}, "driver": {"name": "mongo-java-driver|sync|spring-boot", "version": "4.11.1"}, "os": {"type": "Windows", "name": "Windows 10", "architecture": "amd64", "version": "10.0"}, "platform": "Java/Amazon.com Inc./17.0.13+11-LTS"} created with settings MongoClientSettings{readPreference=primary, writeConcern=WriteConcern{w=majority, wTimeout=null ms, journal=null}, retryWrites=true, retryReads=true, readConcern=ReadConcern{level=null}, credential=MongoCredential{mechanism=null, userName='azizbahloul3', source='admin', password=<hidden>, mechanismProperties=<hidden>}, transportSettings=null, streamFactoryFactory=null, commandListeners=[], codecRegistry=ProvidersCodecRegistry{codecProviders=[ValueCodecProvider{}, BsonValueCodecProvider{}, DBRefCodecProvider{}, DBObjectCodecProvider{}, DocumentCodecProvider{}, CollectionCodecProvider{}, IterableCodecProvider{}, MapCodecProvider{}, GeoJsonCodecProvider{}, GridFSFileCodecProvider{}, Jsr310CodecProvider{}, JsonObjectCodecProvider{}, BsonCodecProvider{}, EnumCodecProvider{}, com.mongodb.client.model.mql.ExpressionCodecProvider@2d280fa9, com.mongodb.Jep395RecordCodecProvider@3412e9c4, com.mongodb.KotlinCodecProvider@6c95aa42]}, loggerSettings=LoggerSettings{maxDocumentLength=1000}, clusterSettings={hosts=[127.0.0.1:27017], srvHost=chatbot.ylvuj3h.mongodb.net, srvServiceName=mongodb, mode=MULTIPLE, requiredClusterType=REPLICA_SET, requiredReplicaSetName='atlas-nc55uo-shard-0', serverSelector='null', clusterListeners='[]', serverSelectionTimeout='30000 ms', localThreshold='15 ms'}, socketSettings=SocketSettings{connectTimeoutMS=10000, readTimeoutMS=0, receiveBufferSize=0, proxySettings=ProxySettings{host=null, port=null, username=null, password=null}}, heartbeatSocketSettings=SocketSettings{connectTimeoutMS=10000, readTimeoutMS=10000, receiveBufferSize=0, proxySettings=ProxySettings{host=null, port=null, username=null, password=null}}, connectionPoolSettings=ConnectionPoolSettings{maxSize=100, minSize=0, maxWaitTimeMS=120000, maxConnectionLifeTimeMS=0, maxConnectionIdleTimeMS=0, maintenanceInitialDelayMS=0, maintenanceFrequencyMS=60000, connectionPoolListeners=[], maxConnecting=2}, serverSettings=ServerSettings{heartbeatFrequencyMS=10000, minHeartbeatFrequencyMS=500, serverListeners='[]', serverMonitorListeners='[]'}, sslSettings=SslSettings{enabled=true, invalidHostNameAllowed=false, context=null}, applicationName='chatbot', compressorList=[], uuidRepresentation=JAVA_LEGACY, serverApi=null, autoEncryptionSettings=null, dnsClient=null, inetAddressResolver=null, contextProvider=null}
2024-12-28T14:41:26.519+01:00  INFO 11064 --- [soa] [restartedMain] o.s.b.d.a.OptionalLiveReloadServer       : LiveReload server is running on port 35729
2024-12-28T14:41:26.566+01:00  INFO 11064 --- [soa] [cluster-ClusterId{value='67700006189ff1396ef1b35e', description='chatbot'}-srv-chatbot.ylvuj3h.mongodb.net] org.mongodb.driver.cluster               : Adding discovered server ac-uwv89sj-shard-00-01.ylvuj3h.mongodb.net:27017 to client view of cluster
2024-12-28T14:41:26.567+01:00  INFO 11064 --- [soa] [cluster-ClusterId{value='67700006189ff1396ef1b35e', description='chatbot'}-srv-chatbot.ylvuj3h.mongodb.net] org.mongodb.driver.cluster               : Adding discovered server ac-uwv89sj-shard-00-02.ylvuj3h.mongodb.net:27017 to client view of cluster
2024-12-28T14:41:26.569+01:00  INFO 11064 --- [soa] [cluster-ClusterId{value='67700006189ff1396ef1b35e', description='chatbot'}-srv-chatbot.ylvuj3h.mongodb.net] org.mongodb.driver.cluster               : Adding discovered server ac-uwv89sj-shard-00-00.ylvuj3h.mongodb.net:27017 to client view of cluster
2024-12-28T14:41:26.621+01:00  WARN 11064 --- [soa] [restartedMain] ConfigServletWebServerApplicationContext : Exception encountered during context initialization - cancelling refresh attempt: org.springframework.beans.factory.BeanCreationException: Error creating bean with name 'globalExceptionHandler': Lookup method resolution failed
2024-12-28T14:41:26.622+01:00  INFO 11064 --- [soa] [restartedMain] o.apache.catalina.core.StandardService   : Stopping service [Tomcat]
2024-12-28T14:41:26.631+01:00  INFO 11064 --- [soa] [restartedMain] .s.b.a.l.ConditionEvaluationReportLogger : 

Error starting ApplicationContext. To display the condition evaluation report re-run your application with 'debug' enabled.
2024-12-28T14:41:26.637+01:00 ERROR 11064 --- [soa] [restartedMain] o.s.boot.SpringApplication               : Application run failed

org.springframework.beans.factory.BeanCreationException: Error creating bean with name 'globalExceptionHandler': Lookup method resolution failed
	at org.springframework.beans.factory.annotation.AutowiredAnnotationBeanPostProcessor.checkLookupMethods(AutowiredAnnotationBeanPostProcessor.java:497) ~[spring-beans-6.1.2.jar:6.1.2]
	at org.springframework.beans.factory.annotation.AutowiredAnnotationBeanPostProcessor.determineCandidateConstructors(AutowiredAnnotationBeanPostProcessor.java:367) ~[spring-beans-6.1.2.jar:6.1.2]
	at org.springframework.beans.factory.support.AbstractAutowireCapableBeanFactory.determineConstructorsFromBeanPostProcessors(AbstractAutowireCapableBeanFactory.java:1293) ~[spring-beans-6.1.2.jar:6.1.2]
	at org.springframework.beans.factory.support.AbstractAutowireCapableBeanFactory.createBeanInstance(AbstractAutowireCapableBeanFactory.java:1188) ~[spring-beans-6.1.2.jar:6.1.2]
	at org.springframework.beans.factory.support.AbstractAutowireCapableBeanFactory.doCreateBean(AbstractAutowireCapableBeanFactory.java:561) ~[spring-beans-6.1.2.jar:6.1.2]
	at org.springframework.beans.factory.support.AbstractAutowireCapableBeanFactory.createBean(AbstractAutowireCapableBeanFactory.java:521) ~[spring-beans-6.1.2.jar:6.1.2]
	at org.springframework.beans.factory.support.AbstractBeanFactory.lambda$doGetBean$0(AbstractBeanFactory.java:325) ~[spring-beans-6.1.2.jar:6.1.2]
	at org.springframework.beans.factory.support.DefaultSingletonBeanRegistry.getSingleton(DefaultSingletonBeanRegistry.java:234) ~[spring-beans-6.1.2.jar:6.1.2]
	at org.springframework.beans.factory.support.AbstractBeanFactory.doGetBean(AbstractBeanFactory.java:323) ~[spring-beans-6.1.2.jar:6.1.2]
	at org.springframework.beans.factory.support.AbstractBeanFactory.getBean(AbstractBeanFactory.java:199) ~[spring-beans-6.1.2.jar:6.1.2]
	at org.springframework.beans.factory.support.DefaultListableBeanFactory.preInstantiateSingletons(DefaultListableBeanFactory.java:975) ~[spring-beans-6.1.2.jar:6.1.2]
	at org.springframework.context.support.AbstractApplicationContext.finishBeanFactoryInitialization(AbstractApplicationContext.java:960) ~[spring-context-6.1.2.jar:6.1.2]
	at org.springframework.context.support.AbstractApplicationContext.refresh(AbstractApplicationContext.java:625) ~[spring-context-6.1.2.jar:6.1.2]
	at org.springframework.boot.web.servlet.context.ServletWebServerApplicationContext.refresh(ServletWebServerApplicationContext.java:146) ~[spring-boot-3.2.1.jar:3.2.1]
	at org.springframework.boot.SpringApplication.refresh(SpringApplication.java:762) ~[spring-boot-3.2.1.jar:3.2.1]
	at org.springframework.boot.SpringApplication.refreshContext(SpringApplication.java:464) ~[spring-boot-3.2.1.jar:3.2.1]
	at org.springframework.boot.SpringApplication.run(SpringApplication.java:334) ~[spring-boot-3.2.1.jar:3.2.1]
	at org.springframework.boot.SpringApplication.run(SpringApplication.java:1358) ~[spring-boot-3.2.1.jar:3.2.1]
	at org.springframework.boot.SpringApplication.run(SpringApplication.java:1347) ~[spring-boot-3.2.1.jar:3.2.1]
	at net.javaguides.springboot.soa.SoaApplication.main(SoaApplication.java:9) ~[classes/:na]
	at java.base/jdk.internal.reflect.NativeMethodAccessorImpl.invoke0(Native Method) ~[na:na]
	at java.base/jdk.internal.reflect.NativeMethodAccessorImpl.invoke(NativeMethodAccessorImpl.java:77) ~[na:na]
	at java.base/jdk.internal.reflect.DelegatingMethodAccessorImpl.invoke(DelegatingMethodAccessorImpl.java:43) ~[na:na]
	at java.base/java.lang.reflect.Method.invoke(Method.java:569) ~[na:na]
	at org.springframework.boot.devtools.restart.RestartLauncher.run(RestartLauncher.java:50) ~[spring-boot-devtools-3.2.1.jar:3.2.1]
Caused by: java.lang.IllegalStateException: Failed to introspect Class [net.javaguides.springboot.soa.exception.GlobalExceptionHandler] from ClassLoader [org.springframework.boot.devtools.restart.classloader.RestartClassLoader@5869e733]
	at org.springframework.util.ReflectionUtils.getDeclaredMethods(ReflectionUtils.java:483) ~[spring-core-6.1.2.jar:6.1.2]
	at org.springframework.util.ReflectionUtils.doWithLocalMethods(ReflectionUtils.java:320) ~[spring-core-6.1.2.jar:6.1.2]
	at org.springframework.beans.factory.annotation.AutowiredAnnotationBeanPostProcessor.checkLookupMethods(AutowiredAnnotationBeanPostProcessor.java:475) ~[spring-beans-6.1.2.jar:6.1.2]
	... 24 common frames omitted
Caused by: java.lang.NoClassDefFoundError: ConstraintViolationException
	at java.base/java.lang.Class.getDeclaredMethods0(Native Method) ~[na:na]
	at java.base/java.lang.Class.privateGetDeclaredMethods(Class.java:3402) ~[na:na]
	at java.base/java.lang.Class.getDeclaredMethods(Class.java:2504) ~[na:na]
	at org.springframework.util.ReflectionUtils.getDeclaredMethods(ReflectionUtils.java:465) ~[spring-core-6.1.2.jar:6.1.2]
	... 26 common frames omitted
Caused by: java.lang.ClassNotFoundException: ConstraintViolationException
	at java.base/jdk.internal.loader.BuiltinClassLoader.loadClass(BuiltinClassLoader.java:641) ~[na:na]
	at java.base/jdk.internal.loader.ClassLoaders$AppClassLoader.loadClass(ClassLoaders.java:188) ~[na:na]
	at java.base/java.lang.ClassLoader.loadClass(ClassLoader.java:525) ~[na:na]
	at java.base/java.lang.Class.forName0(Native Method) ~[na:na]
	at java.base/java.lang.Class.forName(Class.java:467) ~[na:na]
	at org.springframework.boot.devtools.restart.classloader.RestartClassLoader.loadClass(RestartClassLoader.java:121) ~[spring-boot-devtools-3.2.1.jar:3.2.1]
	at java.base/java.lang.ClassLoader.loadClass(ClassLoader.java:525) ~[na:na]
	... 30 common frames omitted

2024-12-28T14:42:37.466+01:00  INFO 11064 --- [soa] [restartedMain] n.j.springboot.soa.SoaApplication        : Starting SoaApplication using Java 17.0.13 with PID 11064 (C:\Users\azizb\Desktop\soa\target\classes started by azizb in C:\Users\azizb\Desktop\soa)
2024-12-28T14:42:37.466+01:00 DEBUG 11064 --- [soa] [restartedMain] n.j.springboot.soa.SoaApplication        : Running with Spring Boot v3.2.1, Spring v6.1.2
2024-12-28T14:42:37.467+01:00  INFO 11064 --- [soa] [restartedMain] n.j.springboot.soa.SoaApplication        : No active profile set, falling back to 1 default profile: "default"
2024-12-28T14:42:37.656+01:00  INFO 11064 --- [soa] [restartedMain] .s.d.r.c.RepositoryConfigurationDelegate : Bootstrapping Spring Data MongoDB repositories in DEFAULT mode.
2024-12-28T14:42:37.664+01:00  INFO 11064 --- [soa] [restartedMain] .s.d.r.c.RepositoryConfigurationDelegate : Finished Spring Data repository scanning in 7 ms. Found 1 MongoDB repository interface.
2024-12-28T14:42:37.728+01:00  INFO 11064 --- [soa] [restartedMain] o.s.b.w.embedded.tomcat.TomcatWebServer  : Tomcat initialized with port 8081 (http)
2024-12-28T14:42:37.728+01:00  INFO 11064 --- [soa] [restartedMain] o.apache.catalina.core.StandardService   : Starting service [Tomcat]
2024-12-28T14:42:37.729+01:00  INFO 11064 --- [soa] [restartedMain] o.apache.catalina.core.StandardEngine    : Starting Servlet engine: [Apache Tomcat/10.1.17]
2024-12-28T14:42:37.747+01:00  INFO 11064 --- [soa] [restartedMain] o.a.c.c.C.[Tomcat-13].[localhost].[/]    : Initializing Spring embedded WebApplicationContext
2024-12-28T14:42:37.747+01:00  INFO 11064 --- [soa] [restartedMain] w.s.c.ServletWebServerApplicationContext : Root WebApplicationContext: initialization completed in 277 ms
2024-12-28T14:42:37.816+01:00  INFO 11064 --- [soa] [restartedMain] org.mongodb.driver.client                : MongoClient with metadata {"application": {"name": "chatbot"}, "driver": {"name": "mongo-java-driver|sync|spring-boot", "version": "4.11.1"}, "os": {"type": "Windows", "name": "Windows 10", "architecture": "amd64", "version": "10.0"}, "platform": "Java/Amazon.com Inc./17.0.13+11-LTS"} created with settings MongoClientSettings{readPreference=primary, writeConcern=WriteConcern{w=majority, wTimeout=null ms, journal=null}, retryWrites=true, retryReads=true, readConcern=ReadConcern{level=null}, credential=MongoCredential{mechanism=null, userName='azizbahloul3', source='admin', password=<hidden>, mechanismProperties=<hidden>}, transportSettings=null, streamFactoryFactory=null, commandListeners=[], codecRegistry=ProvidersCodecRegistry{codecProviders=[ValueCodecProvider{}, BsonValueCodecProvider{}, DBRefCodecProvider{}, DBObjectCodecProvider{}, DocumentCodecProvider{}, CollectionCodecProvider{}, IterableCodecProvider{}, MapCodecProvider{}, GeoJsonCodecProvider{}, GridFSFileCodecProvider{}, Jsr310CodecProvider{}, JsonObjectCodecProvider{}, BsonCodecProvider{}, EnumCodecProvider{}, com.mongodb.client.model.mql.ExpressionCodecProvider@2d280fa9, com.mongodb.Jep395RecordCodecProvider@3412e9c4, com.mongodb.KotlinCodecProvider@6c95aa42]}, loggerSettings=LoggerSettings{maxDocumentLength=1000}, clusterSettings={hosts=[127.0.0.1:27017], srvHost=chatbot.ylvuj3h.mongodb.net, srvServiceName=mongodb, mode=MULTIPLE, requiredClusterType=REPLICA_SET, requiredReplicaSetName='atlas-nc55uo-shard-0', serverSelector='null', clusterListeners='[]', serverSelectionTimeout='30000 ms', localThreshold='15 ms'}, socketSettings=SocketSettings{connectTimeoutMS=10000, readTimeoutMS=0, receiveBufferSize=0, proxySettings=ProxySettings{host=null, port=null, username=null, password=null}}, heartbeatSocketSettings=SocketSettings{connectTimeoutMS=10000, readTimeoutMS=10000, receiveBufferSize=0, proxySettings=ProxySettings{host=null, port=null, username=null, password=null}}, connectionPoolSettings=ConnectionPoolSettings{maxSize=100, minSize=0, maxWaitTimeMS=120000, maxConnectionLifeTimeMS=0, maxConnectionIdleTimeMS=0, maintenanceInitialDelayMS=0, maintenanceFrequencyMS=60000, connectionPoolListeners=[], maxConnecting=2}, serverSettings=ServerSettings{heartbeatFrequencyMS=10000, minHeartbeatFrequencyMS=500, serverListeners='[]', serverMonitorListeners='[]'}, sslSettings=SslSettings{enabled=true, invalidHostNameAllowed=false, context=null}, applicationName='chatbot', compressorList=[], uuidRepresentation=JAVA_LEGACY, serverApi=null, autoEncryptionSettings=null, dnsClient=null, inetAddressResolver=null, contextProvider=null}
2024-12-28T14:42:37.835+01:00  INFO 11064 --- [soa] [restartedMain] o.s.b.d.a.OptionalLiveReloadServer       : LiveReload server is running on port 35729
2024-12-28T14:42:37.861+01:00  WARN 11064 --- [soa] [restartedMain] ConfigServletWebServerApplicationContext : Exception encountered during context initialization - cancelling refresh attempt: org.springframework.beans.factory.BeanCreationException: Error creating bean with name 'globalExceptionHandler': Lookup method resolution failed
2024-12-28T14:42:37.861+01:00  INFO 11064 --- [soa] [cluster-ClusterId{value='6770004d189ff1396ef1b35f', description='chatbot'}-srv-chatbot.ylvuj3h.mongodb.net] org.mongodb.driver.cluster               : Adding discovered server ac-uwv89sj-shard-00-01.ylvuj3h.mongodb.net:27017 to client view of cluster
2024-12-28T14:42:37.862+01:00  INFO 11064 --- [soa] [cluster-ClusterId{value='6770004d189ff1396ef1b35f', description='chatbot'}-srv-chatbot.ylvuj3h.mongodb.net] org.mongodb.driver.cluster               : Adding discovered server ac-uwv89sj-shard-00-02.ylvuj3h.mongodb.net:27017 to client view of cluster
2024-12-28T14:42:37.862+01:00  INFO 11064 --- [soa] [cluster-ClusterId{value='6770004d189ff1396ef1b35f', description='chatbot'}-srv-chatbot.ylvuj3h.mongodb.net] org.mongodb.driver.cluster               : Adding discovered server ac-uwv89sj-shard-00-00.ylvuj3h.mongodb.net:27017 to client view of cluster
2024-12-28T14:42:37.864+01:00  INFO 11064 --- [soa] [restartedMain] o.apache.catalina.core.StandardService   : Stopping service [Tomcat]
2024-12-28T14:42:37.863+01:00  WARN 11064 --- [soa] [cluster-ClusterId{value='6770004d189ff1396ef1b35f', description='chatbot'}-srv-chatbot.ylvuj3h.mongodb.net] org.mongodb.driver.cluster               : Exception in monitor thread during notification of DNS resolution state change

com.mongodb.MongoInterruptedException: Interrupted waiting for lock
	at com.mongodb.internal.thread.InterruptionUtil.interruptAndCreateMongoInterruptedException(InterruptionUtil.java:41) ~[mongodb-driver-core-4.11.1.jar:na]
	at com.mongodb.internal.Locks.lockInterruptibly(Locks.java:76) ~[mongodb-driver-core-4.11.1.jar:na]
	at com.mongodb.internal.Locks.checkedWithInterruptibleLock(Locks.java:64) ~[mongodb-driver-core-4.11.1.jar:na]
	at com.mongodb.internal.Locks.withInterruptibleLock(Locks.java:59) ~[mongodb-driver-core-4.11.1.jar:na]
	at com.mongodb.internal.Locks.withInterruptibleLock(Locks.java:52) ~[mongodb-driver-core-4.11.1.jar:na]
	at com.mongodb.internal.connection.BaseCluster.withLock(BaseCluster.java:226) ~[mongodb-driver-core-4.11.1.jar:na]
	at com.mongodb.internal.connection.AbstractMultiServerCluster.withLock(AbstractMultiServerCluster.java:54) ~[mongodb-driver-core-4.11.1.jar:na]
	at com.mongodb.internal.connection.BaseCluster.updateDescription(BaseCluster.java:198) ~[mongodb-driver-core-4.11.1.jar:na]
	at com.mongodb.internal.connection.AbstractMultiServerCluster.updateDescription(AbstractMultiServerCluster.java:387) ~[mongodb-driver-core-4.11.1.jar:na]
	at com.mongodb.internal.connection.AbstractMultiServerCluster.lambda$initialize$0(AbstractMultiServerCluster.java:100) ~[mongodb-driver-core-4.11.1.jar:na]
	at com.mongodb.internal.Locks.lambda$withInterruptibleLock$1(Locks.java:53) ~[mongodb-driver-core-4.11.1.jar:na]
	at com.mongodb.internal.Locks.checkedWithInterruptibleLock(Locks.java:66) ~[mongodb-driver-core-4.11.1.jar:na]
	at com.mongodb.internal.Locks.withInterruptibleLock(Locks.java:59) ~[mongodb-driver-core-4.11.1.jar:na]
	at com.mongodb.internal.Locks.withInterruptibleLock(Locks.java:52) ~[mongodb-driver-core-4.11.1.jar:na]
	at com.mongodb.internal.connection.BaseCluster.withLock(BaseCluster.java:226) ~[mongodb-driver-core-4.11.1.jar:na]
	at com.mongodb.internal.connection.AbstractMultiServerCluster.withLock(AbstractMultiServerCluster.java:54) ~[mongodb-driver-core-4.11.1.jar:na]
	at com.mongodb.internal.connection.AbstractMultiServerCluster.initialize(AbstractMultiServerCluster.java:96) ~[mongodb-driver-core-4.11.1.jar:na]
	at com.mongodb.internal.connection.DnsMultiServerCluster$1.initialize(DnsMultiServerCluster.java:54) ~[mongodb-driver-core-4.11.1.jar:na]
	at com.mongodb.internal.connection.DefaultDnsSrvRecordMonitor$DnsSrvRecordMonitorRunnable.run(DefaultDnsSrvRecordMonitor.java:89) ~[mongodb-driver-core-4.11.1.jar:na]
	at java.base/java.lang.Thread.run(Thread.java:840) ~[na:na]
Caused by: java.lang.InterruptedException: null
	at java.base/java.util.concurrent.locks.ReentrantLock$Sync.lockInterruptibly(ReentrantLock.java:159) ~[na:na]
	at java.base/java.util.concurrent.locks.ReentrantLock.lockInterruptibly(ReentrantLock.java:372) ~[na:na]
	at com.mongodb.internal.Locks.lockInterruptibly(Locks.java:74) ~[mongodb-driver-core-4.11.1.jar:na]
	... 18 common frames omitted

2024-12-28T14:42:37.870+01:00  INFO 11064 --- [soa] [restartedMain] .s.b.a.l.ConditionEvaluationReportLogger : 

Error starting ApplicationContext. To display the condition evaluation report re-run your application with 'debug' enabled.
2024-12-28T14:42:37.875+01:00 ERROR 11064 --- [soa] [restartedMain] o.s.boot.SpringApplication               : Application run failed

org.springframework.beans.factory.BeanCreationException: Error creating bean with name 'globalExceptionHandler': Lookup method resolution failed
	at org.springframework.beans.factory.annotation.AutowiredAnnotationBeanPostProcessor.checkLookupMethods(AutowiredAnnotationBeanPostProcessor.java:497) ~[spring-beans-6.1.2.jar:6.1.2]
	at org.springframework.beans.factory.annotation.AutowiredAnnotationBeanPostProcessor.determineCandidateConstructors(AutowiredAnnotationBeanPostProcessor.java:367) ~[spring-beans-6.1.2.jar:6.1.2]
	at org.springframework.beans.factory.support.AbstractAutowireCapableBeanFactory.determineConstructorsFromBeanPostProcessors(AbstractAutowireCapableBeanFactory.java:1293) ~[spring-beans-6.1.2.jar:6.1.2]
	at org.springframework.beans.factory.support.AbstractAutowireCapableBeanFactory.createBeanInstance(AbstractAutowireCapableBeanFactory.java:1188) ~[spring-beans-6.1.2.jar:6.1.2]
	at org.springframework.beans.factory.support.AbstractAutowireCapableBeanFactory.doCreateBean(AbstractAutowireCapableBeanFactory.java:561) ~[spring-beans-6.1.2.jar:6.1.2]
	at org.springframework.beans.factory.support.AbstractAutowireCapableBeanFactory.createBean(AbstractAutowireCapableBeanFactory.java:521) ~[spring-beans-6.1.2.jar:6.1.2]
	at org.springframework.beans.factory.support.AbstractBeanFactory.lambda$doGetBean$0(AbstractBeanFactory.java:325) ~[spring-beans-6.1.2.jar:6.1.2]
	at org.springframework.beans.factory.support.DefaultSingletonBeanRegistry.getSingleton(DefaultSingletonBeanRegistry.java:234) ~[spring-beans-6.1.2.jar:6.1.2]
	at org.springframework.beans.factory.support.AbstractBeanFactory.doGetBean(AbstractBeanFactory.java:323) ~[spring-beans-6.1.2.jar:6.1.2]
	at org.springframework.beans.factory.support.AbstractBeanFactory.getBean(AbstractBeanFactory.java:199) ~[spring-beans-6.1.2.jar:6.1.2]
	at org.springframework.beans.factory.support.DefaultListableBeanFactory.preInstantiateSingletons(DefaultListableBeanFactory.java:975) ~[spring-beans-6.1.2.jar:6.1.2]
	at org.springframework.context.support.AbstractApplicationContext.finishBeanFactoryInitialization(AbstractApplicationContext.java:960) ~[spring-context-6.1.2.jar:6.1.2]
	at org.springframework.context.support.AbstractApplicationContext.refresh(AbstractApplicationContext.java:625) ~[spring-context-6.1.2.jar:6.1.2]
	at org.springframework.boot.web.servlet.context.ServletWebServerApplicationContext.refresh(ServletWebServerApplicationContext.java:146) ~[spring-boot-3.2.1.jar:3.2.1]
	at org.springframework.boot.SpringApplication.refresh(SpringApplication.java:762) ~[spring-boot-3.2.1.jar:3.2.1]
	at org.springframework.boot.SpringApplication.refreshContext(SpringApplication.java:464) ~[spring-boot-3.2.1.jar:3.2.1]
	at org.springframework.boot.SpringApplication.run(SpringApplication.java:334) ~[spring-boot-3.2.1.jar:3.2.1]
	at org.springframework.boot.SpringApplication.run(SpringApplication.java:1358) ~[spring-boot-3.2.1.jar:3.2.1]
	at org.springframework.boot.SpringApplication.run(SpringApplication.java:1347) ~[spring-boot-3.2.1.jar:3.2.1]
	at net.javaguides.springboot.soa.SoaApplication.main(SoaApplication.java:9) ~[classes/:na]
	at java.base/jdk.internal.reflect.NativeMethodAccessorImpl.invoke0(Native Method) ~[na:na]
	at java.base/jdk.internal.reflect.NativeMethodAccessorImpl.invoke(NativeMethodAccessorImpl.java:77) ~[na:na]
	at java.base/jdk.internal.reflect.DelegatingMethodAccessorImpl.invoke(DelegatingMethodAccessorImpl.java:43) ~[na:na]
	at java.base/java.lang.reflect.Method.invoke(Method.java:569) ~[na:na]
	at org.springframework.boot.devtools.restart.RestartLauncher.run(RestartLauncher.java:50) ~[spring-boot-devtools-3.2.1.jar:3.2.1]
Caused by: java.lang.IllegalStateException: Failed to introspect Class [net.javaguides.springboot.soa.exception.GlobalExceptionHandler] from ClassLoader [org.springframework.boot.devtools.restart.classloader.RestartClassLoader@4281b0e6]
	at org.springframework.util.ReflectionUtils.getDeclaredMethods(ReflectionUtils.java:483) ~[spring-core-6.1.2.jar:6.1.2]
	at org.springframework.util.ReflectionUtils.doWithLocalMethods(ReflectionUtils.java:320) ~[spring-core-6.1.2.jar:6.1.2]
	at org.springframework.beans.factory.annotation.AutowiredAnnotationBeanPostProcessor.checkLookupMethods(AutowiredAnnotationBeanPostProcessor.java:475) ~[spring-beans-6.1.2.jar:6.1.2]
	... 24 common frames omitted
Caused by: java.lang.NoClassDefFoundError: ConstraintViolationException
	at java.base/java.lang.Class.getDeclaredMethods0(Native Method) ~[na:na]
	at java.base/java.lang.Class.privateGetDeclaredMethods(Class.java:3402) ~[na:na]
	at java.base/java.lang.Class.getDeclaredMethods(Class.java:2504) ~[na:na]
	at org.springframework.util.ReflectionUtils.getDeclaredMethods(ReflectionUtils.java:465) ~[spring-core-6.1.2.jar:6.1.2]
	... 26 common frames omitted
Caused by: java.lang.ClassNotFoundException: ConstraintViolationException
	at java.base/jdk.internal.loader.BuiltinClassLoader.loadClass(BuiltinClassLoader.java:641) ~[na:na]
	at java.base/jdk.internal.loader.ClassLoaders$AppClassLoader.loadClass(ClassLoaders.java:188) ~[na:na]
	at java.base/java.lang.ClassLoader.loadClass(ClassLoader.java:525) ~[na:na]
	at java.base/java.lang.Class.forName0(Native Method) ~[na:na]
	at java.base/java.lang.Class.forName(Class.java:467) ~[na:na]
	at org.springframework.boot.devtools.restart.classloader.RestartClassLoader.loadClass(RestartClassLoader.java:121) ~[spring-boot-devtools-3.2.1.jar:3.2.1]
	at java.base/java.lang.ClassLoader.loadClass(ClassLoader.java:525) ~[na:na]
	... 30 common frames omitted

2024-12-28T14:42:59.116+01:00  INFO 11064 --- [soa] [restartedMain] n.j.springboot.soa.SoaApplication        : Starting SoaApplication using Java 17.0.13 with PID 11064 (C:\Users\azizb\Desktop\soa\target\classes started by azizb in C:\Users\azizb\Desktop\soa)
2024-12-28T14:42:59.117+01:00 DEBUG 11064 --- [soa] [restartedMain] n.j.springboot.soa.SoaApplication        : Running with Spring Boot v3.2.1, Spring v6.1.2
2024-12-28T14:42:59.117+01:00  INFO 11064 --- [soa] [restartedMain] n.j.springboot.soa.SoaApplication        : No active profile set, falling back to 1 default profile: "default"
2024-12-28T14:42:59.414+01:00  INFO 11064 --- [soa] [restartedMain] .s.d.r.c.RepositoryConfigurationDelegate : Bootstrapping Spring Data MongoDB repositories in DEFAULT mode.
2024-12-28T14:42:59.426+01:00  INFO 11064 --- [soa] [restartedMain] .s.d.r.c.RepositoryConfigurationDelegate : Finished Spring Data repository scanning in 11 ms. Found 1 MongoDB repository interface.
2024-12-28T14:42:59.526+01:00  INFO 11064 --- [soa] [restartedMain] o.s.b.w.embedded.tomcat.TomcatWebServer  : Tomcat initialized with port 8081 (http)
2024-12-28T14:42:59.526+01:00  INFO 11064 --- [soa] [restartedMain] o.apache.catalina.core.StandardService   : Starting service [Tomcat]
2024-12-28T14:42:59.527+01:00  INFO 11064 --- [soa] [restartedMain] o.apache.catalina.core.StandardEngine    : Starting Servlet engine: [Apache Tomcat/10.1.17]
2024-12-28T14:42:59.546+01:00  INFO 11064 --- [soa] [restartedMain] o.a.c.c.C.[Tomcat-14].[localhost].[/]    : Initializing Spring embedded WebApplicationContext
2024-12-28T14:42:59.546+01:00  INFO 11064 --- [soa] [restartedMain] w.s.c.ServletWebServerApplicationContext : Root WebApplicationContext: initialization completed in 426 ms
2024-12-28T14:43:00.783+01:00  INFO 11064 --- [soa] [restartedMain] org.mongodb.driver.client                : MongoClient with metadata {"application": {"name": "chatbot"}, "driver": {"name": "mongo-java-driver|sync|spring-boot", "version": "4.11.1"}, "os": {"type": "Windows", "name": "Windows 10", "architecture": "amd64", "version": "10.0"}, "platform": "Java/Amazon.com Inc./17.0.13+11-LTS"} created with settings MongoClientSettings{readPreference=primary, writeConcern=WriteConcern{w=majority, wTimeout=null ms, journal=null}, retryWrites=true, retryReads=true, readConcern=ReadConcern{level=null}, credential=MongoCredential{mechanism=null, userName='azizbahloul3', source='admin', password=<hidden>, mechanismProperties=<hidden>}, transportSettings=null, streamFactoryFactory=null, commandListeners=[], codecRegistry=ProvidersCodecRegistry{codecProviders=[ValueCodecProvider{}, BsonValueCodecProvider{}, DBRefCodecProvider{}, DBObjectCodecProvider{}, DocumentCodecProvider{}, CollectionCodecProvider{}, IterableCodecProvider{}, MapCodecProvider{}, GeoJsonCodecProvider{}, GridFSFileCodecProvider{}, Jsr310CodecProvider{}, JsonObjectCodecProvider{}, BsonCodecProvider{}, EnumCodecProvider{}, com.mongodb.client.model.mql.ExpressionCodecProvider@2d280fa9, com.mongodb.Jep395RecordCodecProvider@3412e9c4, com.mongodb.KotlinCodecProvider@6c95aa42]}, loggerSettings=LoggerSettings{maxDocumentLength=1000}, clusterSettings={hosts=[127.0.0.1:27017], srvHost=chatbot.ylvuj3h.mongodb.net, srvServiceName=mongodb, mode=MULTIPLE, requiredClusterType=REPLICA_SET, requiredReplicaSetName='atlas-nc55uo-shard-0', serverSelector='null', clusterListeners='[]', serverSelectionTimeout='30000 ms', localThreshold='15 ms'}, socketSettings=SocketSettings{connectTimeoutMS=10000, readTimeoutMS=0, receiveBufferSize=0, proxySettings=ProxySettings{host=null, port=null, username=null, password=null}}, heartbeatSocketSettings=SocketSettings{connectTimeoutMS=10000, readTimeoutMS=10000, receiveBufferSize=0, proxySettings=ProxySettings{host=null, port=null, username=null, password=null}}, connectionPoolSettings=ConnectionPoolSettings{maxSize=100, minSize=0, maxWaitTimeMS=120000, maxConnectionLifeTimeMS=0, maxConnectionIdleTimeMS=0, maintenanceInitialDelayMS=0, maintenanceFrequencyMS=60000, connectionPoolListeners=[], maxConnecting=2}, serverSettings=ServerSettings{heartbeatFrequencyMS=10000, minHeartbeatFrequencyMS=500, serverListeners='[]', serverMonitorListeners='[]'}, sslSettings=SslSettings{enabled=true, invalidHostNameAllowed=false, context=null}, applicationName='chatbot', compressorList=[], uuidRepresentation=JAVA_LEGACY, serverApi=null, autoEncryptionSettings=null, dnsClient=null, inetAddressResolver=null, contextProvider=null}
2024-12-28T14:43:00.788+01:00  INFO 11064 --- [soa] [cluster-ClusterId{value='67700064189ff1396ef1b360', description='chatbot'}-srv-chatbot.ylvuj3h.mongodb.net] org.mongodb.driver.cluster               : Adding discovered server ac-uwv89sj-shard-00-02.ylvuj3h.mongodb.net:27017 to client view of cluster
2024-12-28T14:43:00.788+01:00  INFO 11064 --- [soa] [cluster-ClusterId{value='67700064189ff1396ef1b360', description='chatbot'}-srv-chatbot.ylvuj3h.mongodb.net] org.mongodb.driver.cluster               : Adding discovered server ac-uwv89sj-shard-00-01.ylvuj3h.mongodb.net:27017 to client view of cluster
2024-12-28T14:43:00.789+01:00  INFO 11064 --- [soa] [cluster-ClusterId{value='67700064189ff1396ef1b360', description='chatbot'}-srv-chatbot.ylvuj3h.mongodb.net] org.mongodb.driver.cluster               : Adding discovered server ac-uwv89sj-shard-00-00.ylvuj3h.mongodb.net:27017 to client view of cluster
2024-12-28T14:43:00.797+01:00  INFO 11064 --- [soa] [restartedMain] o.s.b.d.a.OptionalLiveReloadServer       : LiveReload server is running on port 35729
2024-12-28T14:43:00.830+01:00  WARN 11064 --- [soa] [restartedMain] ConfigServletWebServerApplicationContext : Exception encountered during context initialization - cancelling refresh attempt: org.springframework.beans.factory.BeanCreationException: Error creating bean with name 'globalExceptionHandler': Lookup method resolution failed
2024-12-28T14:43:00.831+01:00  INFO 11064 --- [soa] [restartedMain] o.apache.catalina.core.StandardService   : Stopping service [Tomcat]
2024-12-28T14:43:00.837+01:00  INFO 11064 --- [soa] [restartedMain] .s.b.a.l.ConditionEvaluationReportLogger : 

Error starting ApplicationContext. To display the condition evaluation report re-run your application with 'debug' enabled.
2024-12-28T14:43:00.841+01:00 ERROR 11064 --- [soa] [restartedMain] o.s.boot.SpringApplication               : Application run failed

org.springframework.beans.factory.BeanCreationException: Error creating bean with name 'globalExceptionHandler': Lookup method resolution failed
	at org.springframework.beans.factory.annotation.AutowiredAnnotationBeanPostProcessor.checkLookupMethods(AutowiredAnnotationBeanPostProcessor.java:497) ~[spring-beans-6.1.2.jar:6.1.2]
	at org.springframework.beans.factory.annotation.AutowiredAnnotationBeanPostProcessor.determineCandidateConstructors(AutowiredAnnotationBeanPostProcessor.java:367) ~[spring-beans-6.1.2.jar:6.1.2]
	at org.springframework.beans.factory.support.AbstractAutowireCapableBeanFactory.determineConstructorsFromBeanPostProcessors(AbstractAutowireCapableBeanFactory.java:1293) ~[spring-beans-6.1.2.jar:6.1.2]
	at org.springframework.beans.factory.support.AbstractAutowireCapableBeanFactory.createBeanInstance(AbstractAutowireCapableBeanFactory.java:1188) ~[spring-beans-6.1.2.jar:6.1.2]
	at org.springframework.beans.factory.support.AbstractAutowireCapableBeanFactory.doCreateBean(AbstractAutowireCapableBeanFactory.java:561) ~[spring-beans-6.1.2.jar:6.1.2]
	at org.springframework.beans.factory.support.AbstractAutowireCapableBeanFactory.createBean(AbstractAutowireCapableBeanFactory.java:521) ~[spring-beans-6.1.2.jar:6.1.2]
	at org.springframework.beans.factory.support.AbstractBeanFactory.lambda$doGetBean$0(AbstractBeanFactory.java:325) ~[spring-beans-6.1.2.jar:6.1.2]
	at org.springframework.beans.factory.support.DefaultSingletonBeanRegistry.getSingleton(DefaultSingletonBeanRegistry.java:234) ~[spring-beans-6.1.2.jar:6.1.2]
	at org.springframework.beans.factory.support.AbstractBeanFactory.doGetBean(AbstractBeanFactory.java:323) ~[spring-beans-6.1.2.jar:6.1.2]
	at org.springframework.beans.factory.support.AbstractBeanFactory.getBean(AbstractBeanFactory.java:199) ~[spring-beans-6.1.2.jar:6.1.2]
	at org.springframework.beans.factory.support.DefaultListableBeanFactory.preInstantiateSingletons(DefaultListableBeanFactory.java:975) ~[spring-beans-6.1.2.jar:6.1.2]
	at org.springframework.context.support.AbstractApplicationContext.finishBeanFactoryInitialization(AbstractApplicationContext.java:960) ~[spring-context-6.1.2.jar:6.1.2]
	at org.springframework.context.support.AbstractApplicationContext.refresh(AbstractApplicationContext.java:625) ~[spring-context-6.1.2.jar:6.1.2]
	at org.springframework.boot.web.servlet.context.ServletWebServerApplicationContext.refresh(ServletWebServerApplicationContext.java:146) ~[spring-boot-3.2.1.jar:3.2.1]
	at org.springframework.boot.SpringApplication.refresh(SpringApplication.java:762) ~[spring-boot-3.2.1.jar:3.2.1]
	at org.springframework.boot.SpringApplication.refreshContext(SpringApplication.java:464) ~[spring-boot-3.2.1.jar:3.2.1]
	at org.springframework.boot.SpringApplication.run(SpringApplication.java:334) ~[spring-boot-3.2.1.jar:3.2.1]
	at org.springframework.boot.SpringApplication.run(SpringApplication.java:1358) ~[spring-boot-3.2.1.jar:3.2.1]
	at org.springframework.boot.SpringApplication.run(SpringApplication.java:1347) ~[spring-boot-3.2.1.jar:3.2.1]
	at net.javaguides.springboot.soa.SoaApplication.main(SoaApplication.java:9) ~[classes/:na]
	at java.base/jdk.internal.reflect.NativeMethodAccessorImpl.invoke0(Native Method) ~[na:na]
	at java.base/jdk.internal.reflect.NativeMethodAccessorImpl.invoke(NativeMethodAccessorImpl.java:77) ~[na:na]
	at java.base/jdk.internal.reflect.DelegatingMethodAccessorImpl.invoke(DelegatingMethodAccessorImpl.java:43) ~[na:na]
	at java.base/java.lang.reflect.Method.invoke(Method.java:569) ~[na:na]
	at org.springframework.boot.devtools.restart.RestartLauncher.run(RestartLauncher.java:50) ~[spring-boot-devtools-3.2.1.jar:3.2.1]
Caused by: java.lang.IllegalStateException: Failed to introspect Class [net.javaguides.springboot.soa.exception.GlobalExceptionHandler] from ClassLoader [org.springframework.boot.devtools.restart.classloader.RestartClassLoader@203a0da4]
	at org.springframework.util.ReflectionUtils.getDeclaredMethods(ReflectionUtils.java:483) ~[spring-core-6.1.2.jar:6.1.2]
	at org.springframework.util.ReflectionUtils.doWithLocalMethods(ReflectionUtils.java:320) ~[spring-core-6.1.2.jar:6.1.2]
	at org.springframework.beans.factory.annotation.AutowiredAnnotationBeanPostProcessor.checkLookupMethods(AutowiredAnnotationBeanPostProcessor.java:475) ~[spring-beans-6.1.2.jar:6.1.2]
	... 24 common frames omitted
Caused by: java.lang.NoClassDefFoundError: ConstraintViolationException
	at java.base/java.lang.Class.getDeclaredMethods0(Native Method) ~[na:na]
	at java.base/java.lang.Class.privateGetDeclaredMethods(Class.java:3402) ~[na:na]
	at java.base/java.lang.Class.getDeclaredMethods(Class.java:2504) ~[na:na]
	at org.springframework.util.ReflectionUtils.getDeclaredMethods(ReflectionUtils.java:465) ~[spring-core-6.1.2.jar:6.1.2]
	... 26 common frames omitted
Caused by: java.lang.ClassNotFoundException: ConstraintViolationException
	at java.base/jdk.internal.loader.BuiltinClassLoader.loadClass(BuiltinClassLoader.java:641) ~[na:na]
	at java.base/jdk.internal.loader.ClassLoaders$AppClassLoader.loadClass(ClassLoaders.java:188) ~[na:na]
	at java.base/java.lang.ClassLoader.loadClass(ClassLoader.java:525) ~[na:na]
	at java.base/java.lang.Class.forName0(Native Method) ~[na:na]
	at java.base/java.lang.Class.forName(Class.java:467) ~[na:na]
	at org.springframework.boot.devtools.restart.classloader.RestartClassLoader.loadClass(RestartClassLoader.java:121) ~[spring-boot-devtools-3.2.1.jar:3.2.1]
	at java.base/java.lang.ClassLoader.loadClass(ClassLoader.java:525) ~[na:na]
	... 30 common frames omitted

2024-12-28T14:44:14.613+01:00  INFO 11064 --- [soa] [restartedMain] n.j.springboot.soa.SoaApplication        : Starting SoaApplication using Java 17.0.13 with PID 11064 (C:\Users\azizb\Desktop\soa\target\classes started by azizb in C:\Users\azizb\Desktop\soa)
2024-12-28T14:44:14.614+01:00 DEBUG 11064 --- [soa] [restartedMain] n.j.springboot.soa.SoaApplication        : Running with Spring Boot v3.2.1, Spring v6.1.2
2024-12-28T14:44:14.614+01:00  INFO 11064 --- [soa] [restartedMain] n.j.springboot.soa.SoaApplication        : No active profile set, falling back to 1 default profile: "default"
2024-12-28T14:44:14.884+01:00  INFO 11064 --- [soa] [restartedMain] .s.d.r.c.RepositoryConfigurationDelegate : Bootstrapping Spring Data MongoDB repositories in DEFAULT mode.
2024-12-28T14:44:14.887+01:00  INFO 11064 --- [soa] [restartedMain] .s.d.r.c.RepositoryConfigurationDelegate : Finished Spring Data repository scanning in 1 ms. Found 0 MongoDB repository interfaces.
2024-12-28T14:44:15.067+01:00  INFO 11064 --- [soa] [restartedMain] o.s.b.w.embedded.tomcat.TomcatWebServer  : Tomcat initialized with port 8081 (http)
2024-12-28T14:44:15.070+01:00  INFO 11064 --- [soa] [restartedMain] o.apache.catalina.core.StandardService   : Starting service [Tomcat]
2024-12-28T14:44:15.071+01:00  INFO 11064 --- [soa] [restartedMain] o.apache.catalina.core.StandardEngine    : Starting Servlet engine: [Apache Tomcat/10.1.17]
2024-12-28T14:44:15.124+01:00  INFO 11064 --- [soa] [restartedMain] o.a.c.c.C.[Tomcat-15].[localhost].[/]    : Initializing Spring embedded WebApplicationContext
2024-12-28T14:44:15.124+01:00  INFO 11064 --- [soa] [restartedMain] w.s.c.ServletWebServerApplicationContext : Root WebApplicationContext: initialization completed in 507 ms
2024-12-28T14:44:15.368+01:00  INFO 11064 --- [soa] [restartedMain] org.mongodb.driver.client                : MongoClient with metadata {"application": {"name": "chatbot"}, "driver": {"name": "mongo-java-driver|sync|spring-boot", "version": "4.11.1"}, "os": {"type": "Windows", "name": "Windows 10", "architecture": "amd64", "version": "10.0"}, "platform": "Java/Amazon.com Inc./17.0.13+11-LTS"} created with settings MongoClientSettings{readPreference=primary, writeConcern=WriteConcern{w=majority, wTimeout=null ms, journal=null}, retryWrites=true, retryReads=true, readConcern=ReadConcern{level=null}, credential=MongoCredential{mechanism=null, userName='azizbahloul3', source='admin', password=<hidden>, mechanismProperties=<hidden>}, transportSettings=null, streamFactoryFactory=null, commandListeners=[], codecRegistry=ProvidersCodecRegistry{codecProviders=[ValueCodecProvider{}, BsonValueCodecProvider{}, DBRefCodecProvider{}, DBObjectCodecProvider{}, DocumentCodecProvider{}, CollectionCodecProvider{}, IterableCodecProvider{}, MapCodecProvider{}, GeoJsonCodecProvider{}, GridFSFileCodecProvider{}, Jsr310CodecProvider{}, JsonObjectCodecProvider{}, BsonCodecProvider{}, EnumCodecProvider{}, com.mongodb.client.model.mql.ExpressionCodecProvider@2d280fa9, com.mongodb.Jep395RecordCodecProvider@3412e9c4, com.mongodb.KotlinCodecProvider@6c95aa42]}, loggerSettings=LoggerSettings{maxDocumentLength=1000}, clusterSettings={hosts=[127.0.0.1:27017], srvHost=chatbot.ylvuj3h.mongodb.net, srvServiceName=mongodb, mode=MULTIPLE, requiredClusterType=REPLICA_SET, requiredReplicaSetName='atlas-nc55uo-shard-0', serverSelector='null', clusterListeners='[]', serverSelectionTimeout='30000 ms', localThreshold='15 ms'}, socketSettings=SocketSettings{connectTimeoutMS=10000, readTimeoutMS=0, receiveBufferSize=0, proxySettings=ProxySettings{host=null, port=null, username=null, password=null}}, heartbeatSocketSettings=SocketSettings{connectTimeoutMS=10000, readTimeoutMS=10000, receiveBufferSize=0, proxySettings=ProxySettings{host=null, port=null, username=null, password=null}}, connectionPoolSettings=ConnectionPoolSettings{maxSize=100, minSize=0, maxWaitTimeMS=120000, maxConnectionLifeTimeMS=0, maxConnectionIdleTimeMS=0, maintenanceInitialDelayMS=0, maintenanceFrequencyMS=60000, connectionPoolListeners=[], maxConnecting=2}, serverSettings=ServerSettings{heartbeatFrequencyMS=10000, minHeartbeatFrequencyMS=500, serverListeners='[]', serverMonitorListeners='[]'}, sslSettings=SslSettings{enabled=true, invalidHostNameAllowed=false, context=null}, applicationName='chatbot', compressorList=[], uuidRepresentation=JAVA_LEGACY, serverApi=null, autoEncryptionSettings=null, dnsClient=null, inetAddressResolver=null, contextProvider=null}
2024-12-28T14:44:15.391+01:00  INFO 11064 --- [soa] [restartedMain] o.s.b.d.a.OptionalLiveReloadServer       : LiveReload server is running on port 35729
2024-12-28T14:44:15.404+01:00  INFO 11064 --- [soa] [restartedMain] o.s.b.w.embedded.tomcat.TomcatWebServer  : Tomcat started on port 8081 (http) with context path ''
2024-12-28T14:44:15.411+01:00  INFO 11064 --- [soa] [restartedMain] n.j.springboot.soa.SoaApplication        : Started SoaApplication in 0.84 seconds (process running for 4591.371)
2024-12-28T14:44:15.413+01:00  INFO 11064 --- [soa] [restartedMain] .ConditionEvaluationDeltaLoggingListener : Condition evaluation unchanged
2024-12-28T14:44:15.436+01:00  INFO 11064 --- [soa] [cluster-ClusterId{value='677000af189ff1396ef1b361', description='chatbot'}-srv-chatbot.ylvuj3h.mongodb.net] org.mongodb.driver.cluster               : Adding discovered server ac-uwv89sj-shard-00-01.ylvuj3h.mongodb.net:27017 to client view of cluster
2024-12-28T14:44:15.437+01:00  INFO 11064 --- [soa] [cluster-ClusterId{value='677000af189ff1396ef1b361', description='chatbot'}-srv-chatbot.ylvuj3h.mongodb.net] org.mongodb.driver.cluster               : Adding discovered server ac-uwv89sj-shard-00-02.ylvuj3h.mongodb.net:27017 to client view of cluster
2024-12-28T14:44:15.438+01:00  INFO 11064 --- [soa] [cluster-ClusterId{value='677000af189ff1396ef1b361', description='chatbot'}-srv-chatbot.ylvuj3h.mongodb.net] org.mongodb.driver.cluster               : Adding discovered server ac-uwv89sj-shard-00-00.ylvuj3h.mongodb.net:27017 to client view of cluster
2024-12-28T14:44:15.752+01:00  INFO 11064 --- [soa] [cluster-ClusterId{value='677000af189ff1396ef1b361', description='chatbot'}-ac-uwv89sj-shard-00-01.ylvuj3h.mongodb.net:27017] org.mongodb.driver.cluster               : Monitor thread successfully connected to server with description ServerDescription{address=ac-uwv89sj-shard-00-01.ylvuj3h.mongodb.net:27017, type=REPLICA_SET_SECONDARY, state=CONNECTED, ok=true, minWireVersion=0, maxWireVersion=25, maxDocumentSize=16777216, logicalSessionTimeoutMinutes=30, roundTripTimeNanos=154450300, setName='atlas-nc55uo-shard-0', canonicalAddress=ac-uwv89sj-shard-00-01.ylvuj3h.mongodb.net:27017, hosts=[ac-uwv89sj-shard-00-01.ylvuj3h.mongodb.net:27017, ac-uwv89sj-shard-00-00.ylvuj3h.mongodb.net:27017, ac-uwv89sj-shard-00-02.ylvuj3h.mongodb.net:27017], passives=[], arbiters=[], primary='ac-uwv89sj-shard-00-02.ylvuj3h.mongodb.net:27017', tagSet=TagSet{[Tag{name='availabilityZone', value='euw3-az2'}, Tag{name='diskState', value='READY'}, Tag{name='nodeType', value='ELECTABLE'}, Tag{name='provider', value='AWS'}, Tag{name='region', value='EU_WEST_3'}, Tag{name='workloadType', value='OPERATIONAL'}]}, electionId=null, setVersion=5, topologyVersion=TopologyVersion{processId=67605d392973c70c9e914d51, counter=3}, lastWriteDate=Sat Dec 28 14:44:15 CET 2024, lastUpdateTimeNanos=19661903239700}
2024-12-28T14:44:15.762+01:00  INFO 11064 --- [soa] [cluster-ClusterId{value='677000af189ff1396ef1b361', description='chatbot'}-ac-uwv89sj-shard-00-00.ylvuj3h.mongodb.net:27017] org.mongodb.driver.cluster               : Monitor thread successfully connected to server with description ServerDescription{address=ac-uwv89sj-shard-00-00.ylvuj3h.mongodb.net:27017, type=REPLICA_SET_SECONDARY, state=CONNECTED, ok=true, minWireVersion=0, maxWireVersion=25, maxDocumentSize=16777216, logicalSessionTimeoutMinutes=30, roundTripTimeNanos=162537200, setName='atlas-nc55uo-shard-0', canonicalAddress=ac-uwv89sj-shard-00-00.ylvuj3h.mongodb.net:27017, hosts=[ac-uwv89sj-shard-00-01.ylvuj3h.mongodb.net:27017, ac-uwv89sj-shard-00-00.ylvuj3h.mongodb.net:27017, ac-uwv89sj-shard-00-02.ylvuj3h.mongodb.net:27017], passives=[], arbiters=[], primary='ac-uwv89sj-shard-00-02.ylvuj3h.mongodb.net:27017', tagSet=TagSet{[Tag{name='availabilityZone', value='euw3-az1'}, Tag{name='diskState', value='READY'}, Tag{name='nodeType', value='ELECTABLE'}, Tag{name='provider', value='AWS'}, Tag{name='region', value='EU_WEST_3'}, Tag{name='workloadType', value='OPERATIONAL'}]}, electionId=null, setVersion=5, topologyVersion=TopologyVersion{processId=67605cdacee613b693b978bf, counter=4}, lastWriteDate=Sat Dec 28 14:44:15 CET 2024, lastUpdateTimeNanos=19661913051100}
2024-12-28T14:44:15.821+01:00  INFO 11064 --- [soa] [cluster-ClusterId{value='677000af189ff1396ef1b361', description='chatbot'}-ac-uwv89sj-shard-00-02.ylvuj3h.mongodb.net:27017] org.mongodb.driver.cluster               : Monitor thread successfully connected to server with description ServerDescription{address=ac-uwv89sj-shard-00-02.ylvuj3h.mongodb.net:27017, type=REPLICA_SET_PRIMARY, state=CONNECTED, ok=true, minWireVersion=0, maxWireVersion=25, maxDocumentSize=16777216, logicalSessionTimeoutMinutes=30, roundTripTimeNanos=171102400, setName='atlas-nc55uo-shard-0', canonicalAddress=ac-uwv89sj-shard-00-02.ylvuj3h.mongodb.net:27017, hosts=[ac-uwv89sj-shard-00-01.ylvuj3h.mongodb.net:27017, ac-uwv89sj-shard-00-00.ylvuj3h.mongodb.net:27017, ac-uwv89sj-shard-00-02.ylvuj3h.mongodb.net:27017], passives=[], arbiters=[], primary='ac-uwv89sj-shard-00-02.ylvuj3h.mongodb.net:27017', tagSet=TagSet{[Tag{name='availabilityZone', value='euw3-az3'}, Tag{name='diskState', value='READY'}, Tag{name='nodeType', value='ELECTABLE'}, Tag{name='provider', value='AWS'}, Tag{name='region', value='EU_WEST_3'}, Tag{name='workloadType', value='OPERATIONAL'}]}, electionId=7fffffff000000000000001f, setVersion=5, topologyVersion=TopologyVersion{processId=67605d09ffe1589fbe29f595, counter=6}, lastWriteDate=Sat Dec 28 14:44:15 CET 2024, lastUpdateTimeNanos=19661972287900}
2024-12-28T14:44:15.822+01:00  INFO 11064 --- [soa] [cluster-ClusterId{value='677000af189ff1396ef1b361', description='chatbot'}-ac-uwv89sj-shard-00-02.ylvuj3h.mongodb.net:27017] org.mongodb.driver.cluster               : Discovered replica set primary ac-uwv89sj-shard-00-02.ylvuj3h.mongodb.net:27017 with max election id 7fffffff000000000000001f and max set version 5
2024-12-28T15:20:05.418+01:00  INFO 9048 --- [soa] [main] n.j.springboot.soa.SoaApplication        : Starting SoaApplication using Java 17.0.13 with PID 9048 (C:\Users\azizb\Desktop\soa\target\classes started by azizb in C:\Users\azizb\Desktop\soa)
2024-12-28T15:20:05.421+01:00 DEBUG 9048 --- [soa] [main] n.j.springboot.soa.SoaApplication        : Running with Spring Boot v3.2.1, Spring v6.1.2
2024-12-28T15:20:05.422+01:00  INFO 9048 --- [soa] [main] n.j.springboot.soa.SoaApplication        : No active profile set, falling back to 1 default profile: "default"
2024-12-28T15:20:05.851+01:00  INFO 9048 --- [soa] [main] .s.d.r.c.RepositoryConfigurationDelegate : Bootstrapping Spring Data MongoDB repositories in DEFAULT mode.
2024-12-28T15:20:05.891+01:00  INFO 9048 --- [soa] [main] .s.d.r.c.RepositoryConfigurationDelegate : Finished Spring Data repository scanning in 37 ms. Found 1 MongoDB repository interface.
2024-12-28T15:20:06.205+01:00  INFO 9048 --- [soa] [main] o.s.b.w.embedded.tomcat.TomcatWebServer  : Tomcat initialized with port 8081 (http)
2024-12-28T15:20:06.213+01:00  INFO 9048 --- [soa] [main] o.apache.catalina.core.StandardService   : Starting service [Tomcat]
2024-12-28T15:20:06.213+01:00  INFO 9048 --- [soa] [main] o.apache.catalina.core.StandardEngine    : Starting Servlet engine: [Apache Tomcat/10.1.17]
2024-12-28T15:20:06.255+01:00  INFO 9048 --- [soa] [main] o.a.c.c.C.[Tomcat].[localhost].[/]       : Initializing Spring embedded WebApplicationContext
2024-12-28T15:20:06.255+01:00  INFO 9048 --- [soa] [main] w.s.c.ServletWebServerApplicationContext : Root WebApplicationContext: initialization completed in 798 ms
2024-12-28T15:20:07.641+01:00  INFO 9048 --- [soa] [main] org.mongodb.driver.client                : MongoClient with metadata {"application": {"name": "chatbot"}, "driver": {"name": "mongo-java-driver|sync|spring-boot", "version": "4.11.1"}, "os": {"type": "Windows", "name": "Windows 10", "architecture": "amd64", "version": "10.0"}, "platform": "Java/Amazon.com Inc./17.0.13+11-LTS"} created with settings MongoClientSettings{readPreference=primary, writeConcern=WriteConcern{w=majority, wTimeout=null ms, journal=null}, retryWrites=true, retryReads=true, readConcern=ReadConcern{level=null}, credential=MongoCredential{mechanism=null, userName='azizbahloul3', source='admin', password=<hidden>, mechanismProperties=<hidden>}, transportSettings=null, streamFactoryFactory=null, commandListeners=[], codecRegistry=ProvidersCodecRegistry{codecProviders=[ValueCodecProvider{}, BsonValueCodecProvider{}, DBRefCodecProvider{}, DBObjectCodecProvider{}, DocumentCodecProvider{}, CollectionCodecProvider{}, IterableCodecProvider{}, MapCodecProvider{}, GeoJsonCodecProvider{}, GridFSFileCodecProvider{}, Jsr310CodecProvider{}, JsonObjectCodecProvider{}, BsonCodecProvider{}, EnumCodecProvider{}, com.mongodb.client.model.mql.ExpressionCodecProvider@e95595b, com.mongodb.Jep395RecordCodecProvider@5a917723, com.mongodb.KotlinCodecProvider@7e4579c7]}, loggerSettings=LoggerSettings{maxDocumentLength=1000}, clusterSettings={hosts=[127.0.0.1:27017], srvHost=chatbot.ylvuj3h.mongodb.net, srvServiceName=mongodb, mode=MULTIPLE, requiredClusterType=REPLICA_SET, requiredReplicaSetName='atlas-nc55uo-shard-0', serverSelector='null', clusterListeners='[]', serverSelectionTimeout='30000 ms', localThreshold='15 ms'}, socketSettings=SocketSettings{connectTimeoutMS=10000, readTimeoutMS=0, receiveBufferSize=0, proxySettings=ProxySettings{host=null, port=null, username=null, password=null}}, heartbeatSocketSettings=SocketSettings{connectTimeoutMS=10000, readTimeoutMS=10000, receiveBufferSize=0, proxySettings=ProxySettings{host=null, port=null, username=null, password=null}}, connectionPoolSettings=ConnectionPoolSettings{maxSize=100, minSize=0, maxWaitTimeMS=120000, maxConnectionLifeTimeMS=0, maxConnectionIdleTimeMS=0, maintenanceInitialDelayMS=0, maintenanceFrequencyMS=60000, connectionPoolListeners=[], maxConnecting=2}, serverSettings=ServerSettings{heartbeatFrequencyMS=10000, minHeartbeatFrequencyMS=500, serverListeners='[]', serverMonitorListeners='[]'}, sslSettings=SslSettings{enabled=true, invalidHostNameAllowed=false, context=null}, applicationName='chatbot', compressorList=[], uuidRepresentation=JAVA_LEGACY, serverApi=null, autoEncryptionSettings=null, dnsClient=null, inetAddressResolver=null, contextProvider=null}
2024-12-28T15:20:07.687+01:00  INFO 9048 --- [soa] [cluster-ClusterId{value='6770091713355038cc84fa6b', description='chatbot'}-srv-chatbot.ylvuj3h.mongodb.net] org.mongodb.driver.cluster               : Adding discovered server ac-uwv89sj-shard-00-02.ylvuj3h.mongodb.net:27017 to client view of cluster
2024-12-28T15:20:07.711+01:00  INFO 9048 --- [soa] [cluster-ClusterId{value='6770091713355038cc84fa6b', description='chatbot'}-srv-chatbot.ylvuj3h.mongodb.net] org.mongodb.driver.cluster               : Adding discovered server ac-uwv89sj-shard-00-01.ylvuj3h.mongodb.net:27017 to client view of cluster
2024-12-28T15:20:07.712+01:00  INFO 9048 --- [soa] [cluster-ClusterId{value='6770091713355038cc84fa6b', description='chatbot'}-srv-chatbot.ylvuj3h.mongodb.net] org.mongodb.driver.cluster               : Adding discovered server ac-uwv89sj-shard-00-00.ylvuj3h.mongodb.net:27017 to client view of cluster
2024-12-28T15:20:08.154+01:00  INFO 9048 --- [soa] [main] o.s.b.w.embedded.tomcat.TomcatWebServer  : Tomcat started on port 8081 (http) with context path ''
2024-12-28T15:20:08.162+01:00  INFO 9048 --- [soa] [main] n.j.springboot.soa.SoaApplication        : Started SoaApplication in 3.172 seconds (process running for 3.779)
2024-12-28T15:20:08.277+01:00  INFO 9048 --- [soa] [cluster-ClusterId{value='6770091713355038cc84fa6b', description='chatbot'}-ac-uwv89sj-shard-00-00.ylvuj3h.mongodb.net:27017] org.mongodb.driver.cluster               : Monitor thread successfully connected to server with description ServerDescription{address=ac-uwv89sj-shard-00-00.ylvuj3h.mongodb.net:27017, type=REPLICA_SET_SECONDARY, state=CONNECTED, ok=true, minWireVersion=0, maxWireVersion=25, maxDocumentSize=16777216, logicalSessionTimeoutMinutes=30, roundTripTimeNanos=298340400, setName='atlas-nc55uo-shard-0', canonicalAddress=ac-uwv89sj-shard-00-00.ylvuj3h.mongodb.net:27017, hosts=[ac-uwv89sj-shard-00-01.ylvuj3h.mongodb.net:27017, ac-uwv89sj-shard-00-00.ylvuj3h.mongodb.net:27017, ac-uwv89sj-shard-00-02.ylvuj3h.mongodb.net:27017], passives=[], arbiters=[], primary='ac-uwv89sj-shard-00-02.ylvuj3h.mongodb.net:27017', tagSet=TagSet{[Tag{name='availabilityZone', value='euw3-az1'}, Tag{name='diskState', value='READY'}, Tag{name='nodeType', value='ELECTABLE'}, Tag{name='provider', value='AWS'}, Tag{name='region', value='EU_WEST_3'}, Tag{name='workloadType', value='OPERATIONAL'}]}, electionId=null, setVersion=5, topologyVersion=TopologyVersion{processId=67605cdacee613b693b978bf, counter=4}, lastWriteDate=Sat Dec 28 15:20:08 CET 2024, lastUpdateTimeNanos=21814427258500}
2024-12-28T15:20:08.277+01:00  INFO 9048 --- [soa] [cluster-ClusterId{value='6770091713355038cc84fa6b', description='chatbot'}-ac-uwv89sj-shard-00-01.ylvuj3h.mongodb.net:27017] org.mongodb.driver.cluster               : Monitor thread successfully connected to server with description ServerDescription{address=ac-uwv89sj-shard-00-01.ylvuj3h.mongodb.net:27017, type=REPLICA_SET_SECONDARY, state=CONNECTED, ok=true, minWireVersion=0, maxWireVersion=25, maxDocumentSize=16777216, logicalSessionTimeoutMinutes=30, roundTripTimeNanos=298258200, setName='atlas-nc55uo-shard-0', canonicalAddress=ac-uwv89sj-shard-00-01.ylvuj3h.mongodb.net:27017, hosts=[ac-uwv89sj-shard-00-01.ylvuj3h.mongodb.net:27017, ac-uwv89sj-shard-00-00.ylvuj3h.mongodb.net:27017, ac-uwv89sj-shard-00-02.ylvuj3h.mongodb.net:27017], passives=[], arbiters=[], primary='ac-uwv89sj-shard-00-02.ylvuj3h.mongodb.net:27017', tagSet=TagSet{[Tag{name='availabilityZone', value='euw3-az2'}, Tag{name='diskState', value='READY'}, Tag{name='nodeType', value='ELECTABLE'}, Tag{name='provider', value='AWS'}, Tag{name='region', value='EU_WEST_3'}, Tag{name='workloadType', value='OPERATIONAL'}]}, electionId=null, setVersion=5, topologyVersion=TopologyVersion{processId=67605d392973c70c9e914d51, counter=3}, lastWriteDate=Sat Dec 28 15:20:08 CET 2024, lastUpdateTimeNanos=21814427258400}
2024-12-28T15:20:08.277+01:00  INFO 9048 --- [soa] [cluster-ClusterId{value='6770091713355038cc84fa6b', description='chatbot'}-ac-uwv89sj-shard-00-02.ylvuj3h.mongodb.net:27017] org.mongodb.driver.cluster               : Monitor thread successfully connected to server with description ServerDescription{address=ac-uwv89sj-shard-00-02.ylvuj3h.mongodb.net:27017, type=REPLICA_SET_PRIMARY, state=CONNECTED, ok=true, minWireVersion=0, maxWireVersion=25, maxDocumentSize=16777216, logicalSessionTimeoutMinutes=30, roundTripTimeNanos=298299800, setName='atlas-nc55uo-shard-0', canonicalAddress=ac-uwv89sj-shard-00-02.ylvuj3h.mongodb.net:27017, hosts=[ac-uwv89sj-shard-00-01.ylvuj3h.mongodb.net:27017, ac-uwv89sj-shard-00-00.ylvuj3h.mongodb.net:27017, ac-uwv89sj-shard-00-02.ylvuj3h.mongodb.net:27017], passives=[], arbiters=[], primary='ac-uwv89sj-shard-00-02.ylvuj3h.mongodb.net:27017', tagSet=TagSet{[Tag{name='availabilityZone', value='euw3-az3'}, Tag{name='diskState', value='READY'}, Tag{name='nodeType', value='ELECTABLE'}, Tag{name='provider', value='AWS'}, Tag{name='region', value='EU_WEST_3'}, Tag{name='workloadType', value='OPERATIONAL'}]}, electionId=7fffffff000000000000001f, setVersion=5, topologyVersion=TopologyVersion{processId=67605d09ffe1589fbe29f595, counter=6}, lastWriteDate=Sat Dec 28 15:20:08 CET 2024, lastUpdateTimeNanos=21814427258300}
2024-12-28T15:20:08.280+01:00  INFO 9048 --- [soa] [cluster-ClusterId{value='6770091713355038cc84fa6b', description='chatbot'}-ac-uwv89sj-shard-00-02.ylvuj3h.mongodb.net:27017] org.mongodb.driver.cluster               : Discovered replica set primary ac-uwv89sj-shard-00-02.ylvuj3h.mongodb.net:27017 with max election id 7fffffff000000000000001f and max set version 5
2024-12-28T15:20:22.240+01:00  INFO 9048 --- [soa] [http-nio-8081-exec-1] o.a.c.c.C.[Tomcat].[localhost].[/]       : Initializing Spring DispatcherServlet 'dispatcherServlet'
2024-12-28T15:20:22.240+01:00  INFO 9048 --- [soa] [http-nio-8081-exec-1] o.s.web.servlet.DispatcherServlet        : Initializing Servlet 'dispatcherServlet'
2024-12-28T15:20:22.242+01:00  INFO 9048 --- [soa] [http-nio-8081-exec-1] o.s.web.servlet.DispatcherServlet        : Completed initialization in 1 ms
2024-12-28T15:20:22.279+01:00  INFO 9048 --- [soa] [http-nio-8081-exec-1] n.j.s.soa.controller.ProductController   : Fetching all products - Page: 0, Size: 10
